Starting up http-server, serving /Users/yunsoo/Documents/dbauto/mobile

http-server version: 14.1.1

http-server settings: 
CORS: disabled
Cache: 3600 seconds
Connection Timeout: 120 seconds
Directory Listings: visible
AutoIndex: visible
Serve GZIP Files: false
Serve Brotli Files: false
Default File Extension: none

Available on:
  http://127.0.0.1:8003
  http://192.168.219.107:8003
Hit CTRL-C to stop the server

[2026-03-15T13:31:05.244Z]  "GET /" "Mozilla/5.0 (iPhone; CPU iPhone OS 18_6 like Mac OS X) AppleWebKit/605.1.15 (KHTML, like Gecko) Version/18.6 Mobile/15E148 Safari/604.1"
(node:27868) [DEP0066] DeprecationWarning: OutgoingMessage.prototype._headers is deprecated
(Use `node --trace-deprecation ...` to show where the warning was created)
[2026-03-15T13:31:23.176Z]  "GET /index.html?t=1773581482246" "Mozilla/5.0 (iPhone; CPU iPhone OS 18_6 like Mac OS X) AppleWebKit/605.1.15 (KHTML, like Gecko) Mobile/15E148"
[2026-03-15T13:31:23.310Z]  "GET /index.html?t=1773581483274" "Mozilla/5.0 (iPhone; CPU iPhone OS 18_7 like Mac OS X) AppleWebKit/605.1.15 (KHTML, like Gecko) Mobile/15E148"
[2026-03-15T13:31:26.800Z]  "GET /create_case.html" "Mozilla/5.0 (iPhone; CPU iPhone OS 18_7 like Mac OS X) AppleWebKit/605.1.15 (KHTML, like Gecko) Mobile/15E148"
[2026-03-15T13:31:46.720Z]  "GET /create_case.html" "Mozilla/5.0 (iPhone; CPU iPhone OS 18_6 like Mac OS X) AppleWebKit/605.1.15 (KHTML, like Gecko) Mobile/15E148"
[2026-03-15T14:35:34.218Z]  "GET /index.html?t=1773585333007" "Mozilla/5.0 (iPhone; CPU iPhone OS 18_6 like Mac OS X) AppleWebKit/605.1.15 (KHTML, like Gecko) Mobile/15E148"
[2026-03-15T14:35:36.206Z]  "GET /create_case.html" "Mozilla/5.0 (iPhone; CPU iPhone OS 18_6 like Mac OS X) AppleWebKit/605.1.15 (KHTML, like Gecko) Mobile/15E148"
[2026-03-15T14:35:38.045Z]  "GET /index.html" "Mozilla/5.0 (iPhone; CPU iPhone OS 18_6 like Mac OS X) AppleWebKit/605.1.15 (KHTML, like Gecko) Mobile/15E148"
[2026-03-15T14:35:42.171Z]  "GET /index.html?t=1773585341533" "Mozilla/5.0 (iPhone; CPU iPhone OS 18_6 like Mac OS X) AppleWebKit/605.1.15 (KHTML, like Gecko) Mobile/15E148"
[2026-03-15T14:35:51.386Z]  "GET /form.html?name=%EA%B0%95%EC%9C%A4%EC%88%98" "Mozilla/5.0 (iPhone; CPU iPhone OS 18_6 like Mac OS X) AppleWebKit/605.1.15 (KHTML, like Gecko) Mobile/15E148"
[2026-03-15T14:35:51.410Z]  "GET /share-arrow.png" "Mozilla/5.0 (iPhone; CPU iPhone OS 18_6 like Mac OS X) AppleWebKit/605.1.15 (KHTML, like Gecko) Mobile/15E148"
[2026-03-15T14:35:55.349Z]  "GET /index.html?t=1773585354709" "Mozilla/5.0 (iPhone; CPU iPhone OS 18_6 like Mac OS X) AppleWebKit/605.1.15 (KHTML, like Gecko) Mobile/15E148"
[2026-03-15T14:35:58.115Z]  "GET /index.html?t=1773585357616" "Mozilla/5.0 (iPhone; CPU iPhone OS 18_6 like Mac OS X) AppleWebKit/605.1.15 (KHTML, like Gecko) Mobile/15E148"
[2026-03-15T14:36:02.603Z]  "GET /index.html?t=1773585361963" "Mozilla/5.0 (iPhone; CPU iPhone OS 18_6 like Mac OS X) AppleWebKit/605.1.15 (KHTML, like Gecko) Mobile/15E148"
[2026-03-15T14:36:07.399Z]  "GET /index.html?t=1773585366914" "Mozilla/5.0 (iPhone; CPU iPhone OS 18_6 like Mac OS X) AppleWebKit/605.1.15 (KHTML, like Gecko) Mobile/15E148"
[2026-03-15T14:38:25.628Z]  "GET /form.html?name=%EA%B0%95O%EC%88%98" "Mozilla/5.0 (iPhone; CPU iPhone OS 18_6 like Mac OS X) AppleWebKit/605.1.15 (KHTML, like Gecko) Mobile/15E148"
[2026-03-15T14:53:37.984Z]  "GET /index.html" "Mozilla/5.0 (Macintosh; Intel Mac OS X 10_15_7) AppleWebKit/537.36 (KHTML, like Gecko) Chrome/145.0.0.0 Safari/537.36"
[2026-03-15T14:54:14.843Z]  "GET /form.html?name=%EA%B0%95%EC%9C%A4%EC%88%98&dong=%EC%84%A0%ED%99%94%EB%8F%99" "Mozilla/5.0 (Macintosh; Intel Mac OS X 10_15_7) AppleWebKit/537.36 (KHTML, like Gecko) Chrome/145.0.0.0 Safari/537.36"
[2026-03-15T14:54:14.985Z]  "GET /share-arrow.png" "Mozilla/5.0 (Macintosh; Intel Mac OS X 10_15_7) AppleWebKit/537.36 (KHTML, like Gecko) Chrome/145.0.0.0 Safari/537.36"
[2026-03-15T14:54:39.165Z]  "GET /create_case.html" "Mozilla/5.0 (Macintosh; Intel Mac OS X 10_15_7) AppleWebKit/537.36 (KHTML, like Gecko) Chrome/145.0.0.0 Safari/537.36"
[2026-03-15T14:55:03.714Z]  "GET /form.html" "Mozilla/5.0 (Macintosh; Intel Mac OS X 10_15_7) AppleWebKit/537.36 (KHTML, like Gecko) Chrome/145.0.0.0 Safari/537.36"
[2026-03-15T15:07:13.062Z]  "GET /index.html?t=1773587231978" "Mozilla/5.0 (iPhone; CPU iPhone OS 18_6 like Mac OS X) AppleWebKit/605.1.15 (KHTML, like Gecko) Mobile/15E148"
[2026-03-15T15:08:18.425Z]  "GET /" "Mozilla/5.0 (iPhone; CPU iPhone OS 18_6 like Mac OS X) AppleWebKit/605.1.15 (KHTML, like Gecko) Version/18.6 Mobile/15E148 Safari/604.1"
[2026-03-15T15:08:20.076Z]  "GET /form.html?name=%EA%B0%95&dong=%EC%84%A0%ED%99%94%EB%8F%99" "Mozilla/5.0 (iPhone; CPU iPhone OS 18_6 like Mac OS X) AppleWebKit/605.1.15 (KHTML, like Gecko) Version/18.6 Mobile/15E148 Safari/604.1"
[2026-03-15T15:08:20.094Z]  "GET /share-arrow.png" "Mozilla/5.0 (iPhone; CPU iPhone OS 18_6 like Mac OS X) AppleWebKit/605.1.15 (KHTML, like Gecko) Version/18.6 Mobile/15E148 Safari/604.1"
[2026-03-15T15:20:10.484Z]  "GET /form.html?name=%EA%B0%95%EC%9C%A4%EC%88%98&dong=%EC%84%A0%ED%99%94%EB%8F%99&draftId=999" "Mozilla/5.0 (Macintosh; Intel Mac OS X 10_15_7) AppleWebKit/537.36 (KHTML, like Gecko) Chrome/145.0.0.0 Safari/537.36"
[2026-03-15T15:20:22.894Z]  "GET /index.html" "Mozilla/5.0 (Macintosh; Intel Mac OS X 10_15_7) AppleWebKit/537.36 (KHTML, like Gecko) Chrome/145.0.0.0 Safari/537.36"
[2026-03-15T15:23:24.257Z]  "GET /create_case.html" "Mozilla/5.0 (iPhone; CPU iPhone OS 18_6 like Mac OS X) AppleWebKit/605.1.15 (KHTML, like Gecko) Version/18.6 Mobile/15E148 Safari/604.1"
[2026-03-15T15:23:27.581Z]  "GET /index.html" "Mozilla/5.0 (iPhone; CPU iPhone OS 18_6 like Mac OS X) AppleWebKit/605.1.15 (KHTML, like Gecko) Version/18.6 Mobile/15E148 Safari/604.1"
[2026-03-15T15:23:27.775Z]  "GET /apple-touch-icon-precomposed.png" "NetworkingExtension/8621.3.11.10.3 Network/4277.140.33 iOS/18.6"
[2026-03-15T15:23:27.786Z]  "GET /apple-touch-icon-precomposed.png" Error (404): "Not found"
[2026-03-15T15:23:27.787Z]  "GET /apple-touch-icon.png" "NetworkingExtension/8621.3.11.10.3 Network/4277.140.33 iOS/18.6"
[2026-03-15T15:23:27.787Z]  "GET /favicon.ico" "NetworkingExtension/8621.3.11.10.3 Network/4277.140.33 iOS/18.6"
[2026-03-15T15:23:27.788Z]  "GET /apple-touch-icon.png" Error (404): "Not found"
[2026-03-15T15:23:27.788Z]  "GET /favicon.ico" Error (404): "Not found"
[2026-03-15T15:28:12.423Z]  "GET /form.html?name=%EA%B0%95%EC%9C%A4%EC%88%98&dong=%EC%84%A0%ED%99%94%EB%8F%99" "Mozilla/5.0 (iPhone; CPU iPhone OS 18_6 like Mac OS X) AppleWebKit/605.1.15 (KHTML, like Gecko) Version/18.6 Mobile/15E148 Safari/604.1"
[2026-03-15T15:28:18.405Z]  "GET /form.html?name=%EA%B0%95%EC%9C%A4%EC%88%98&dong=%EC%84%A0%ED%99%94%EB%8F%99&draftId=1773465507221" "Mozilla/5.0 (iPhone; CPU iPhone OS 18_6 like Mac OS X) AppleWebKit/605.1.15 (KHTML, like Gecko) Version/18.6 Mobile/15E148 Safari/604.1"
[2026-03-16T02:56:20.608Z]  "GET /form.html?name=%EB%AF%B8%EC%A7%80%EC%A0%95&draftId=1773392042796" "Mozilla/5.0 (iPhone; CPU iPhone OS 18_6 like Mac OS X) AppleWebKit/605.1.15 (KHTML, like Gecko) Version/18.6 Mobile/15E148 Safari/604.1"
[2026-03-16T02:56:20.637Z]  "GET /share-arrow.png" "Mozilla/5.0 (iPhone; CPU iPhone OS 18_6 like Mac OS X) AppleWebKit/605.1.15 (KHTML, like Gecko) Version/18.6 Mobile/15E148 Safari/604.1"
[2026-03-16T02:56:21.629Z]  "GET /form.html?name=%EB%AF%B8%EC%A7%80%EC%A0%95&draftId=1773392042796" "Mozilla/5.0 (iPhone; CPU iPhone OS 18_6 like Mac OS X) AppleWebKit/605.1.15 (KHTML, like Gecko) Version/18.6 Mobile/15E148 Safari/604.1"
[2026-03-16T02:56:22.897Z]  "GET /form.html?name=%EB%AF%B8%EC%A7%80%EC%A0%95&draftId=1773392042796" "Mozilla/5.0 (iPhone; CPU iPhone OS 18_6 like Mac OS X) AppleWebKit/605.1.15 (KHTML, like Gecko) Version/18.6 Mobile/15E148 Safari/604.1"
[2026-03-16T02:56:24.498Z]  "GET /apple-touch-icon-precomposed.png" "NetworkingExtension/8621.3.11.10.3 Network/4277.140.33 iOS/18.6"
[2026-03-16T02:56:24.502Z]  "GET /apple-touch-icon-precomposed.png" Error (404): "Not found"
[2026-03-16T02:56:24.502Z]  "GET /apple-touch-icon.png" "NetworkingExtension/8621.3.11.10.3 Network/4277.140.33 iOS/18.6"
[2026-03-16T02:56:24.503Z]  "GET /favicon.ico" "NetworkingExtension/8621.3.11.10.3 Network/4277.140.33 iOS/18.6"
[2026-03-16T02:56:24.503Z]  "GET /apple-touch-icon.png" Error (404): "Not found"
[2026-03-16T02:56:24.504Z]  "GET /favicon.ico" Error (404): "Not found"
[2026-03-16T02:56:26.059Z]  "GET /create_case.html" "Mozilla/5.0 (iPhone; CPU iPhone OS 18_6 like Mac OS X) AppleWebKit/605.1.15 (KHTML, like Gecko) Version/18.6 Mobile/15E148 Safari/604.1"
[2026-03-16T02:56:42.130Z]  "GET /create_case.html" "Mozilla/5.0 (iPhone; CPU iPhone OS 18_6 like Mac OS X) AppleWebKit/605.1.15 (KHTML, like Gecko) Version/18.6 Mobile/15E148 Safari/604.1"
[2026-03-16T02:56:57.018Z]  "GET /index.html" "Mozilla/5.0 (iPhone; CPU iPhone OS 18_6 like Mac OS X) AppleWebKit/605.1.15 (KHTML, like Gecko) Version/18.6 Mobile/15E148 Safari/604.1"
[2026-03-16T03:03:05.064Z]  "GET /index.html" "Mozilla/5.0 (Macintosh; Intel Mac OS X 10_15_7) AppleWebKit/537.36 (KHTML, like Gecko) Chrome/145.0.0.0 Safari/537.36"
[2026-03-16T03:25:42.168Z]  "GET /index.html" "Mozilla/5.0 (iPhone; CPU iPhone OS 18_6 like Mac OS X) AppleWebKit/605.1.15 (KHTML, like Gecko) Version/18.6 Mobile/15E148 Safari/604.1"
[2026-03-16T03:25:55.127Z]  "GET /form.html?name=%EA%B9%80O%EC%A7%80&dong=%EC%84%A0%ED%99%94%EB%8F%99" "Mozilla/5.0 (iPhone; CPU iPhone OS 18_6 like Mac OS X) AppleWebKit/605.1.15 (KHTML, like Gecko) Version/18.6 Mobile/15E148 Safari/604.1"
[2026-03-16T04:45:52.631Z]  "GET /index.html?t=1773636352611" "Mozilla/5.0 (iPhone; CPU iPhone OS 18_6 like Mac OS X) AppleWebKit/605.1.15 (KHTML, like Gecko) Mobile/15E148"
[2026-03-16T04:46:08.207Z]  "HEAD /index.html" "curl/8.7.1"
[2026-03-16T04:46:14.456Z]  "GET /form.html?name=%EA%B0%95%EC%9C%A4%EC%88%98&dong=%EC%84%A0%ED%99%94%EB%8F%99" "Mozilla/5.0 (iPhone; CPU iPhone OS 18_6 like Mac OS X) AppleWebKit/605.1.15 (KHTML, like Gecko) Mobile/15E148"
[2026-03-16T04:46:14.485Z]  "GET /share-arrow.png" "Mozilla/5.0 (iPhone; CPU iPhone OS 18_6 like Mac OS X) AppleWebKit/605.1.15 (KHTML, like Gecko) Mobile/15E148"
[2026-03-16T04:46:19.362Z]  "GET /index.html?t=1773636379336" "Mozilla/5.0 (iPhone; CPU iPhone OS 18_6 like Mac OS X) AppleWebKit/605.1.15 (KHTML, like Gecko) Mobile/15E148"
[2026-03-16T04:47:34.330Z]  "GET /index.html?t=1773636453510" "Mozilla/5.0 (iPhone; CPU iPhone OS 18_6 like Mac OS X) AppleWebKit/605.1.15 (KHTML, like Gecko) Mobile/15E148"
[2026-03-16T04:47:41.445Z]  "GET /create_case.html" "Mozilla/5.0 (iPhone; CPU iPhone OS 18_6 like Mac OS X) AppleWebKit/605.1.15 (KHTML, like Gecko) Mobile/15E148"
[2026-03-16T04:47:46.939Z]  "GET /index.html" "Mozilla/5.0 (iPhone; CPU iPhone OS 18_6 like Mac OS X) AppleWebKit/605.1.15 (KHTML, like Gecko) Mobile/15E148"
[2026-03-16T04:53:41.096Z]  "GET /form.html?name=%E3%85%81OOOO%E3%85%87&dong=%E3%85%81%E3%85%87%E3%85%87%E3%85%81" "Mozilla/5.0 (iPhone; CPU iPhone OS 18_6 like Mac OS X) AppleWebKit/605.1.15 (KHTML, like Gecko) Mobile/15E148"
[2026-03-16T04:55:59.687Z]  "GET /index.html?t=1773636959668" "Mozilla/5.0 (iPhone; CPU iPhone OS 18_6 like Mac OS X) AppleWebKit/605.1.15 (KHTML, like Gecko) Mobile/15E148"
[2026-03-16T04:56:49.362Z]  "GET /index.html?t=1773637009022" "Mozilla/5.0 (iPhone; CPU iPhone OS 18_7 like Mac OS X) AppleWebKit/605.1.15 (KHTML, like Gecko) Mobile/15E148"
[2026-03-16T04:56:59.891Z]  "GET /index.html?t=1773637019042" "Mozilla/5.0 (iPhone; CPU iPhone OS 18_6 like Mac OS X) AppleWebKit/605.1.15 (KHTML, like Gecko) Mobile/15E148"
[2026-03-16T04:57:09.789Z]  "GET /index.html" "Mozilla/5.0 (Macintosh; Intel Mac OS X 10_15_7) AppleWebKit/537.36 (KHTML, like Gecko) Chrome/145.0.0.0 Safari/537.36"
[2026-03-16T04:57:32.546Z]  "GET /index.html" "Mozilla/5.0 (Macintosh; Intel Mac OS X 10_15_7) AppleWebKit/537.36 (KHTML, like Gecko) Chrome/145.0.0.0 Safari/537.36"
[2026-03-16T04:57:42.491Z]  "GET /form.html?name=%ED%99%8D%EA%B8%B8%EB%8F%99&dong=%EC%84%A0%ED%99%94%EB%8F%99" "Mozilla/5.0 (Macintosh; Intel Mac OS X 10_15_7) AppleWebKit/537.36 (KHTML, like Gecko) Chrome/145.0.0.0 Safari/537.36"
[2026-03-16T04:57:42.616Z]  "GET /share-arrow.png" "Mozilla/5.0 (Macintosh; Intel Mac OS X 10_15_7) AppleWebKit/537.36 (KHTML, like Gecko) Chrome/145.0.0.0 Safari/537.36"
[2026-03-16T04:58:07.738Z]  "GET /form.html?name=%ED%99%8D%EA%B8%B8%EB%8F%99&draftId=999" "Mozilla/5.0 (Macintosh; Intel Mac OS X 10_15_7) AppleWebKit/537.36 (KHTML, like Gecko) Chrome/145.0.0.0 Safari/537.36"
[2026-03-16T04:58:38.715Z]  "GET /index.html?t=1773637118054" "Mozilla/5.0 (iPhone; CPU iPhone OS 18_6 like Mac OS X) AppleWebKit/605.1.15 (KHTML, like Gecko) Mobile/15E148"
[2026-03-16T04:58:50.825Z]  "GET /index.html?t=1773637129550" "Mozilla/5.0 (iPhone; CPU iPhone OS 18_6 like Mac OS X) AppleWebKit/605.1.15 (KHTML, like Gecko) Mobile/15E148"
[2026-03-16T04:58:59.470Z]  "GET /apple-touch-icon-precomposed.png" "NetworkingExtension/8621.3.11.10.3 Network/4277.140.33 iOS/18.6"
[2026-03-16T04:58:59.477Z]  "GET /apple-touch-icon-precomposed.png" Error (404): "Not found"
[2026-03-16T04:58:59.482Z]  "GET /apple-touch-icon.png" "NetworkingExtension/8621.3.11.10.3 Network/4277.140.33 iOS/18.6"
[2026-03-16T04:58:59.484Z]  "GET /apple-touch-icon.png" Error (404): "Not found"
[2026-03-16T04:58:59.489Z]  "GET /favicon.ico" "NetworkingExtension/8621.3.11.10.3 Network/4277.140.33 iOS/18.6"
[2026-03-16T04:58:59.497Z]  "GET /favicon.ico" Error (404): "Not found"
[2026-03-16T04:59:02.932Z]  "GET /index.html" "Mozilla/5.0 (iPhone; CPU iPhone OS 18_6 like Mac OS X) AppleWebKit/605.1.15 (KHTML, like Gecko) Version/18.6 Mobile/15E148 Safari/604.1"
[2026-03-16T04:59:04.358Z]  "GET /form.html?name=%EA%B0%95%EC%9C%A4%EC%88%98&dong=%EC%84%A0%ED%99%94%EB%8F%99&draftId=1773564717012" "Mozilla/5.0 (iPhone; CPU iPhone OS 18_6 like Mac OS X) AppleWebKit/605.1.15 (KHTML, like Gecko) Version/18.6 Mobile/15E148 Safari/604.1"
[2026-03-16T04:59:04.372Z]  "GET /share-arrow.png" "Mozilla/5.0 (iPhone; CPU iPhone OS 18_6 like Mac OS X) AppleWebKit/605.1.15 (KHTML, like Gecko) Version/18.6 Mobile/15E148 Safari/604.1"
[2026-03-16T04:59:07.252Z]  "GET /form.html?name=%EA%B0%95%EC%9C%A4%EC%88%98&dong=%EC%84%A0%ED%99%94%EB%8F%99" "Mozilla/5.0 (iPhone; CPU iPhone OS 18_6 like Mac OS X) AppleWebKit/605.1.15 (KHTML, like Gecko) Version/18.6 Mobile/15E148 Safari/604.1"
[2026-03-16T05:00:22.370Z]  "GET /create_case.html" "Mozilla/5.0 (iPhone; CPU iPhone OS 18_6 like Mac OS X) AppleWebKit/605.1.15 (KHTML, like Gecko) Version/18.6 Mobile/15E148 Safari/604.1"
[2026-03-16T05:06:55.460Z]  "GET /index.html" "Mozilla/5.0 (Macintosh; Intel Mac OS X 10_15_7) AppleWebKit/537.36 (KHTML, like Gecko) Chrome/145.0.0.0 Safari/537.36"
[2026-03-16T05:07:38.076Z]  "GET /form.html?name=%EA%B0%95%EC%9C%A4%EC%88%98&dong=%EC%84%A0%ED%99%94%EB%8F%99" "Mozilla/5.0 (Macintosh; Intel Mac OS X 10_15_7) AppleWebKit/537.36 (KHTML, like Gecko) Chrome/145.0.0.0 Safari/537.36"
[2026-03-16T05:07:53.377Z]  "GET /create_case.html" "Mozilla/5.0 (Macintosh; Intel Mac OS X 10_15_7) AppleWebKit/537.36 (KHTML, like Gecko) Chrome/145.0.0.0 Safari/537.36"
[2026-03-16T05:08:50.983Z]  "GET /form.html?name=%EA%B0%95%EC%9C%A4%EC%88%98&dong=%EC%84%A0%ED%99%94%EB%8F%99&draftId=123" "Mozilla/5.0 (Macintosh; Intel Mac OS X 10_15_7) AppleWebKit/537.36 (KHTML, like Gecko) Chrome/145.0.0.0 Safari/537.36"
[2026-03-16T05:09:36.679Z]  "GET /index.html" "Mozilla/5.0 (iPhone; CPU iPhone OS 18_6 like Mac OS X) AppleWebKit/605.1.15 (KHTML, like Gecko) Version/18.6 Mobile/15E148 Safari/604.1"
[2026-03-16T05:10:55.285Z]  "GET /index.html?t=1773637855028" "Mozilla/5.0 (iPhone; CPU iPhone OS 18_7 like Mac OS X) AppleWebKit/605.1.15 (KHTML, like Gecko) Mobile/15E148"
[2026-03-16T05:12:07.992Z]  "GET /create_case.html" "Mozilla/5.0 (iPhone; CPU iPhone OS 18_7 like Mac OS X) AppleWebKit/605.1.15 (KHTML, like Gecko) Mobile/15E148"
[2026-03-16T05:12:15.239Z]  "GET /index.html" "Mozilla/5.0 (iPhone; CPU iPhone OS 18_7 like Mac OS X) AppleWebKit/605.1.15 (KHTML, like Gecko) Mobile/15E148"
[2026-03-16T05:12:16.844Z]  "GET /form.html?name=%EA%B0%95%EC%9C%A4%EC%88%98&dong=%EC%84%A0%ED%99%94%EB%8F%99" "Mozilla/5.0 (iPhone; CPU iPhone OS 18_7 like Mac OS X) AppleWebKit/605.1.15 (KHTML, like Gecko) Mobile/15E148"
[2026-03-16T05:12:16.877Z]  "GET /share-arrow.png" "Mozilla/5.0 (iPhone; CPU iPhone OS 18_7 like Mac OS X) AppleWebKit/605.1.15 (KHTML, like Gecko) Mobile/15E148"
[2026-03-16T05:16:15.464Z]  "GET /form.html?name=%EA%B0%95%EC%9C%A4%EC%88%98&dong=%EC%84%A0%ED%99%94%EB%8F%99&draftId=1773638165046" "Mozilla/5.0 (iPhone; CPU iPhone OS 18_7 like Mac OS X) AppleWebKit/605.1.15 (KHTML, like Gecko) Mobile/15E148"
[2026-03-16T05:22:03.153Z]  "GET /index.html" "Mozilla/5.0 (Macintosh; Intel Mac OS X 10_15_7) AppleWebKit/537.36 (KHTML, like Gecko) Chrome/145.0.0.0 Safari/537.36"
[2026-03-16T05:27:44.329Z]  "GET /form.html?name=%EA%B9%80O%EC%A7%80&dong=%EC%84%A0%ED%99%94%EB%8F%99" "Mozilla/5.0 (iPhone; CPU iPhone OS 18_6 like Mac OS X) AppleWebKit/605.1.15 (KHTML, like Gecko) Version/18.6 Mobile/15E148 Safari/604.1"
[2026-03-16T05:27:58.416Z]  "GET /index.html?t=1773638877371" "Mozilla/5.0 (iPhone; CPU iPhone OS 18_6 like Mac OS X) AppleWebKit/605.1.15 (KHTML, like Gecko) Mobile/15E148"
[2026-03-16T05:30:01.621Z]  "GET /create_case.html" "Mozilla/5.0 (Macintosh; Intel Mac OS X 10_15_7) AppleWebKit/537.36 (KHTML, like Gecko) Chrome/145.0.0.0 Safari/537.36"
[2026-03-16T05:30:30.629Z]  "GET /form.html" "Mozilla/5.0 (Macintosh; Intel Mac OS X 10_15_7) AppleWebKit/537.36 (KHTML, like Gecko) Chrome/145.0.0.0 Safari/537.36"
[2026-03-16T05:31:09.471Z]  "GET /form.html?name=%EA%B0%95%EC%9C%A4%EC%88%98&dong=%EC%84%A0%ED%99%94%EB%8F%99&draftId=1773637615215" "Mozilla/5.0 (Macintosh; Intel Mac OS X 10_15_7) AppleWebKit/537.36 (KHTML, like Gecko) Chrome/145.0.0.0 Safari/537.36"
[2026-03-16T05:32:46.595Z]  "GET /index.html?t=1773639166563" "Mozilla/5.0 (iPhone; CPU iPhone OS 18_6 like Mac OS X) AppleWebKit/605.1.15 (KHTML, like Gecko) Mobile/15E148"
